d:\xmac\projects\cpp\server\server\debug\vc141.pdb
d:\xmac\projects\cpp\server\server\debug\vc141.idb
d:\xmac\projects\cpp\server\server\debug\sales_data.obj
d:\xmac\projects\cpp\server\server\debug\main.obj
d:\xmac\projects\cpp\server\server\debug\screen.obj
d:\xmac\projects\cpp\server\debug\server.pdb
d:\xmac\projects\cpp\server\server\debug\server.tlog\cl.command.1.tlog
d:\xmac\projects\cpp\server\server\debug\server.tlog\cl.read.1.tlog
d:\xmac\projects\cpp\server\server\debug\server.tlog\cl.write.1.tlog
d:\xmac\projects\cpp\server\server\debug\server.tlog\link-cvtres.read.1.tlog
d:\xmac\projects\cpp\server\server\debug\server.tlog\link-cvtres.write.1.tlog
d:\xmac\projects\cpp\server\server\debug\server.tlog\link-rc.read.1.tlog
d:\xmac\projects\cpp\server\server\debug\server.tlog\link-rc.write.1.tlog
d:\xmac\projects\cpp\server\server\debug\server.tlog\link.12768-cvtres.read.1.tlog
d:\xmac\projects\cpp\server\server\debug\server.tlog\link.12768-cvtres.write.1.tlog
d:\xmac\projects\cpp\server\server\debug\server.tlog\link.12768-rc.read.1.tlog
d:\xmac\projects\cpp\server\server\debug\server.tlog\link.12768-rc.write.1.tlog
d:\xmac\projects\cpp\server\server\debug\server.tlog\link.12768.read.1.tlog
d:\xmac\projects\cpp\server\server\debug\server.tlog\link.12768.write.1.tlog
d:\xmac\projects\cpp\server\server\debug\server.tlog\link.command.1.tlog
d:\xmac\projects\cpp\server\server\debug\server.tlog\link.read.1.tlog
d:\xmac\projects\cpp\server\server\debug\server.tlog\link.write.1.tlog
